<?xml version="1.0" encoding="UTF-8"?>
<testng-results skipped="0" failed="0" ignored="0" total="2" passed="2">
  <reporter-output>
  </reporter-output>
  <suite name="Employee REst API Automation Script " duration-ms="6284" started-at="2018-05-19T16:59:57Z" finished-at="2018-05-19T17:00:04Z">
    <groups>
    </groups>
    <test name="Employee Information Services" duration-ms="6284" started-at="2018-05-19T16:59:57Z" finished-at="2018-05-19T17:00:04Z">
      <class name="rest.AllEmployeeRestServices">
        <test-method status="PASS" signature="callAllEmployeeResources()[pri:0, instance:rest.AllEmployeeRestServices@64729b1e]" name="callAllEmployeeResources" duration-ms="2003" started-at="2018-05-19T17:00:02Z" finished-at="2018-05-19T17:00:04Z">
          <reporter-output>
          </reporter-output>
        </test-method> <!-- callAllEmployeeResources -->
      </class> <!-- rest.AllEmployeeRestServices -->
      <class name="rest.SingleEmployeeResources">
        <test-method status="PASS" signature="callSingleEmployeeResources()[pri:0, instance:rest.SingleEmployeeResources@4e7dc304]" name="callSingleEmployeeResources" duration-ms="4254" started-at="2018-05-19T16:59:58Z" finished-at="2018-05-19T17:00:02Z">
          <reporter-output>
          </reporter-output>
        </test-method> <!-- callSingleEmployeeResources -->
      </class> <!-- rest.SingleEmployeeResources -->
    </test> <!-- Employee Information Services -->
  </suite> <!-- Employee REst API Automation Script  -->
</testng-results>
