<?xml version="1.0" encoding="UTF-8"?>
<!-- Generated by org.testng.reporters.JUnitXMLReporter -->
<testsuite hostname="Mahmudurs-MacBook-Pro.local" ignored="0" name="Employee Information Services" tests="2" failures="0" timestamp="19 May 2018 17:00:04 GMT" time="6.284" errors="0">
  <testcase name="callSingleEmployeeResources" time="4.254" classname="rest.SingleEmployeeResources"/>
  <testcase name="callAllEmployeeResources" time="2.003" classname="rest.AllEmployeeRestServices"/>
</testsuite> <!-- Employee Information Services -->
