<?xml version="1.0" encoding="UTF-8"?>
<testng-results skipped="0" failed="0" ignored="0" total="1" passed="1">
  <reporter-output>
  </reporter-output>
  <suite name="Havard Edu Automation" duration-ms="27775" started-at="2018-05-19T17:00:05Z" finished-at="2018-05-19T17:00:33Z">
    <groups>
    </groups>
    <test name="Havard Eduation" duration-ms="27775" started-at="2018-05-19T17:00:05Z" finished-at="2018-05-19T17:00:33Z">
      <class name="testNavigate.TestDoExplore">
        <test-method status="PASS" signature="setUp(java.lang.String)[pri:0, instance:testNavigate.TestDoExplore@80503]" name="setUp" is-config="true" duration-ms="3914" started-at="2018-05-19T17:00:05Z" finished-at="2018-05-19T17:00:09Z">
          <params>
            <param index="0">
              <value>
                <![CDATA[https://www.harvard.edu/]]>
              </value>
            </param>
          </params>
          <reporter-output>
          </reporter-output>
        </test-method> <!-- setUp -->
        <test-method status="PASS" signature="testPlayArround()[pri:0, instance:testNavigate.TestDoExplore@80503]" name="testPlayArround" duration-ms="23692" started-at="2018-05-19T17:00:09Z" finished-at="2018-05-19T17:00:33Z">
          <reporter-output>
          </reporter-output>
        </test-method> <!-- testPlayArround -->
        <test-method status="PASS" signature="afterMethod()[pri:0, instance:testNavigate.TestDoExplore@80503]" name="afterMethod" is-config="true" duration-ms="145" started-at="2018-05-19T17:00:33Z" finished-at="2018-05-19T17:00:33Z">
          <reporter-output>
          </reporter-output>
        </test-method> <!-- afterMethod -->
      </class> <!-- testNavigate.TestDoExplore -->
    </test> <!-- Havard Eduation -->
  </suite> <!-- Havard Edu Automation -->
</testng-results>
